
============================================================
СЕССИЯ: 2026-03-18 15:13:40
Конфиг: agents=32, state_dim=256, sensory=8
Микро-батч: 16, accum: 8, эфф. батч: 128
Параметров: 939,361
============================================================

[Итерация 100 | 134s | BPB: 3.7767]
ODEVATt ly be moicite wa. are ored faerer yourl't fnery.,
Liy aanir tinrt.
Gj:
LM.Wies
C3ave oms
d- 

[Итерация 200 | 266s | BPB: 3.0605]
BrURACTIK:
But onom Mofouke tit ceaven, orw ment bake her-ow.

MoCCome vee!

Buwerlyrs:
Our, maf qou

[ФИНАЛ | 223 итераций | BPB: 2.9657]
Het would is to bumes Xerjion I
for what vepive in swath ripech
My ta?e seagh, hene thad his the king of frami-n all the
Seed you hist Bnom, whince Kove pote.

HOVLENU IDGDAROU:
E'fowueling Kend
Tay s


============================================================
СЕССИЯ: 2026-03-18 15:19:03
Конфиг: agents=32, state_dim=256, sensory=8
Микро-батч: 32, accum: 4, эфф. батч: 128
Параметров: 939,361
============================================================

[Итерация 100 | 85s | BPB: 3.8673]
REJCAECGEJDFe fbu rharn lan, inv

Shti srout nowvd tout
B
-ICKLPSSCwasres ti fednoon:n mie ot riins


[Итерация 200 | 175s | BPB: 3.1031]
CARZISAL:
Thave'd dof hen wiloworty noth, worg warvency
Foup to migherf;
Hur, Bomeer, ander; our dat


============================================================
СЕССИЯ: 2026-03-18 15:44:54
Конфиг: agents=32, state_dim=256, sensory=8
Микро-батч: 32, accum: 4, эфф. батч: 128
Параметров: 939,361
============================================================

[Итерация 100 | 87s | BPB: 3.7857]
I:rl, whhkeeg
EdY rdrVnslt chavp,
qot ithest
of de ti cot meche sa toa.

Tat har feosre.
ST ithenn t

[Итерация 200 | 176s | BPB: 3.0345]
He sien: whit he bevery Illy misg my magtile will mlooy
Te Rauche andind'd consent will Eave us inis

[Итерация 300 | 271s | BPB: 2.7485]
Yet.

GRVOCNESMEM:
Hake your lakmong up do's is my home mook
It he sho duea Yeve shall mer your to o

[Итерация 400 | 369s | BPB: 2.5516]
The Hoppopitt of I deby ly the for prifonst
Go, them rather are you it so you tresself
I ELCFRUTHT:


[Итерация 500 | 465s | BPB: 2.4902]
Therefore' honour: most a dred!

Mord be lordy,
Let breely be say to his
do the lart spool toth stic

[Итерация 600 | 575s | BPB: 2.4199]
But hang battle, and the danger wines you,
To queen with a had be Exmpry in comms:
And bride the gen

[ФИНАЛ | 624 итераций | BPB: 2.3594]
Seeding, my stallish.
We has profabired sounder-of him;
Now noughts and most meing.

Setults.

KING HENRY:
Here so must banisorg; reloud manys to call begin
Of things with my labstation.
And yet word 


============================================================
СЕССИЯ: 2026-03-18 16:01:57
Конфиг: agents=32, state_dim=256, sensory=8
Микро-батч: 32, accum: 4, эфф. батч: 128
Параметров: 939,361
============================================================

[Итерация 100 | 91s | BPB: 2.3326]
I lost me sweet they's be and life. I

QUEEN MARGHERCIOMAR:
He doles desire, imarable:
Once! the kin

[Итерация 200 | 188s | BPB: 2.3228]

LADY GREY:
It! A given from you, good, no more;
The commandable, and are him.

DUKE OF YORK:
By thi

[Итерация 300 | 288s | BPB: 2.3116]

LEONTES:
Marry Greatest ere that hear our one.

Servant:
Thou mairs, I cannot hent them
your damnen

[Итерация 400 | 382s | BPB: 2.2742]
'Tesrest that vaid, and draw his noble tongue
Is che other beloved him slarty,
Doen conff new fourta

[Итерация 500 | 475s | BPB: 2.2652]
Fivesty up in't from him, I pland woo there:
Good govin upon true you on the name? I will lear.
My L

[Итерация 600 | 566s | BPB: 2.2590]
Was free and loat's crown him; a--train; at
If if't.
I thou, tell my most phiess, I would be well,
A

[ФИНАЛ | 635 итераций | BPB: 2.2443]
Servingmena;,
And I have I old wife?
Actiff us, and you for your mething arm which
upon their unquitation, lans from too doom.

First Citizen:
And frail chase?

KING RICHARD III:
The throne here but '


============================================================
СЕССИЯ: 2026-03-18 16:17:54
Конфиг: agents=32, state_dim=256, sensory=8
Микро-батч: 32, accum: 4, эфф. батч: 128
Параметров: 939,361
============================================================


============================================================
СЕССИЯ: 2026-03-18 16:19:04
Конфиг: agents=32, state_dim=256, sensory=8
Микро-батч: 32, accum: 4, эфф. батч: 128
Параметров: 939,361
============================================================


============================================================
СЕССИЯ: 2026-03-18 16:20:17
Конфиг: agents=32, state_dim=256, sensory=8
Микро-батч: 32, accum: 4, эфф. батч: 128
Параметров: 939,361
============================================================


============================================================
СЕССИЯ: 2026-03-18 16:23:20
Конфиг: agents=32, state_dim=256, sensory=8
Микро-батч: 32, accum: 4, эфф. батч: 128
Параметров: 939,361
============================================================

[Итерация 100 | 92s | BPB: 2.2604]
They will have by; that whom I bedreth sad.

LUCIO:
any shall be hope:
Here comes their must shall b

[Итерация 200 | 187s | BPB: 2.2205]
Which show is her, lest thus.

QUEEN MARGARET:
O, thir's night the matter a lord-for any
honest prov

[Итерация 300 | 281s | BPB: 2.2440]
No husband Duke of Lond to persuid this husband of
Here's my brother, that the faults of Queen;
And 

[Итерация 400 | 375s | BPB: 2.2404]
O, the topply fearful and woman:'
And any you come him, that Claudius of husband.'
Shall not loss yo

[Итерация 500 | 468s | BPB: 2.2460]
The pricty soul, was to hear to see my wind?

CAPULET:
Patient, hold! Prin worthy cause, my true cau

[Итерация 600 | 561s | BPB: 2.2093]
Changed Juliet for England's advocation,
Fain at his fear is a mother chains fawa!

CLAUDIO:
What, k

[ФИНАЛ | 640 итераций | BPB: 2.1799]
Simpts, thou hast here it far doubt see you,
Have twin my wife's counter and out arm, that?

QUEEN ELIZABETH:
What, fair queen, Signior Bolingbroke;
And thy sweets, they were look'd hath been melder.



============================================================
СЕССИЯ: 2026-03-18 18:02:22
Конфиг: agents=32, state_dim=256, sensory=8
Микро-батч: 32, accum: 4, эфф. батч: 128
Параметров: 939,361
============================================================

[Итерация 100 | 89s | BPB: 2.2001]
his morning ward, gentle grief so name of Such.

LORD STANLEY:
Howsy here,
And, and the troth's name

[Итерация 200 | 183s | BPB: 2.2276]
Greeting, as I as eastem'd this comperone?

COMINIUS:
Villies, for what I have so I.
Each ensporance

[Итерация 300 | 276s | BPB: 2.1942]
Fierce be died clamour to-morrow.

DUKE VINCENTIO:
Ah you talk to fear, good Richard.

VALERIA:
I me

[Итерация 400 | 371s | BPB: 2.2088]
Are the world attend the escallible,
That virtue filled on that understoly gentleman,
You call the h

[Итерация 500 | 463s | BPB: 2.2543]
MERCUTIO:
They bound hath well a horse? at the servant:
Hav, how you desire me to do a plaints his
l

[Итерация 600 | 561s | BPB: 2.2531]
God meet pass do't, could not quite it,
You are no fellowoure: my good matter.

KING EDWARD IV:
Alas

[ФИНАЛ | 638 итераций | BPB: 2.2182]

KING RICHARD III:
See, he will take it in something course.
Put so much with your eyes; and will thou follown
The teempant word,
Our factars to coath,
Talged them stands dike with better should,--

C

