Device: cuda
  GPU: NVIDIA GeForce RTX 3090
  Memory: 25.3 GB
  Using bfloat16 (native)
Tokenizer: 32000 vocab (bpe_en_32k.model)
Loading data...
  Train: 499,534,833 tokens (0.50B)
  Val:   465,318 tokens (0.5M)
  Tokens/step: 65,536
  Total tokens seen: 1,966,080,000 (2.0B)
  Approximate epochs: 3.9
Resuming from best_hdc_brain_v14_1.pt...
  Resumed at iter 23000, best val: 4.0905

============================================================
HDC-Brain v14.1: English 300M
  HDC: 4096d, STE bipolar codebook
  Blocks: 8 (Memory + 4-Head Binding Attention + Controller)
  Controller: 2560d inner
  Thought Loops: 4 max, training with 3
  Vocab: 32000 (BPE English)
  Batch: 16 x 8 x 512 = 65,536 tokens/step
  Params: 299,290,629
  LR: 0.0003 -> 3e-05 (cosine, 500 warmup)
  Max iters: 30,000
============================================================

  Optimizer state restored from best_hdc_brain_v14_1.pt
torch.compile: OFF (incompatible with Thought Loops)
Starting training from iter 23000...
============================================================
[0.0h, iter 23000] Train: 4.0827 | Val: 4.1086 | BPB: 5.928 | Best BPB: 5.902 | Gap: -0.026 
  Thought gates: [0.5, 0.286, 0.275, 0.5]
  Mass proj norm: 24.3708
============================================================
iter  23050 | loss 4.1735 | lr 6.53e-05 | grad 0.79 | 13984ms/step | 3M tok
iter  23100 | loss 4.1682 | lr 6.48e-05 | grad 0.87 | 13397ms/step | 7M tok
iter  23150 | loss 4.1763 | lr 6.44e-05 | grad 0.87 | 13248ms/step | 10M tok
iter  23200 | loss 4.1677 | lr 6.39e-05 | grad 0.90 | 13174ms/step | 13M tok
iter  23250 | loss 4.1542 | lr 6.34e-05 | grad 0.96 | 13128ms/step | 16M tok
iter  23300 | loss 4.1652 | lr 6.29e-05 | grad 2.61 | 13099ms/step | 20M tok
iter  23350 | loss 4.1712 | lr 6.25e-05 | grad 0.90 | 13077ms/step | 23M tok
iter  23400 | loss 4.1647 | lr 6.20e-05 | grad 0.73 | 13060ms/step | 26M tok
iter  23450 | loss 4.1745 | lr 6.15e-05 | grad 20.20 | 13048ms/step | 29M tok
iter  23500 | loss 4.7054 | lr 6.11e-05 | grad 0.83 | 13037ms/step | 33M tok
============================================================
[1.8h, iter 23500] Train: 4.1128 | Val: 4.1564 | BPB: 5.997 | Best BPB: 5.902 | Gap: -0.044 
  Thought gates: [0.5, 0.286, 0.274, 0.5]
  Mass proj norm: 24.4047
============================================================
iter  23550 | loss 4.1644 | lr 6.06e-05 | grad 1.51 | 13081ms/step | 36M tok
iter  23600 | loss 4.1664 | lr 6.02e-05 | grad 0.99 | 13070ms/step | 39M tok
iter  23650 | loss 4.1709 | lr 5.97e-05 | grad 0.94 | 13062ms/step | 43M tok
iter  23700 | loss 4.1544 | lr 5.93e-05 | grad 3.64 | 13039ms/step | 46M tok
iter  23750 | loss 4.1574 | lr 5.88e-05 | grad 0.77 | 12978ms/step | 49M tok
iter  23800 | loss 4.1597 | lr 5.84e-05 | grad 1.42 | 12924ms/step | 52M tok
iter  23850 | loss 4.1613 | lr 5.79e-05 | grad 0.85 | 12877ms/step | 56M tok
iter  23900 | loss 4.1545 | lr 5.75e-05 | grad 1.29 | 12835ms/step | 59M tok
iter  23950 | loss 4.1550 | lr 5.71e-05 | grad 0.80 | 12797ms/step | 62M tok
iter  24000 | loss 4.1662 | lr 5.66e-05 | grad 0.81 | 12766ms/step | 66M tok
============================================================
[3.6h, iter 24000] Train: 4.0725 | Val: 4.1087 | BPB: 5.928 | Best BPB: 5.902 | Gap: -0.036 
  Thought gates: [0.5, 0.285, 0.274, 0.5]
  Mass proj norm: 24.4428
============================================================

--- Generation samples (iter 24000) ---
  [The capital of France is]: 'The capital of France is one of the largest cities in New York and has been a major port city for development projects. At the other end, it is also home to several smaller towns each day. The capital'
  [Machine learning is a field of]: 'Machine learning is a field of study how students learn to recognize and appreciate the different experiences of learners who are interested in learning through various classes. The teacher is also an'
  [In the year 2050, humanity]: 'In the year 2050, humanity’s most powerful civil society. It was the great-greatness that made it hard for us to imagine a world of peace and security, in 1845, at the time this time had started.'
  [The meaning of life is]: 'The meaning of life is to be a very simple and easy life that could only come from someone in the middle. It means that people who are not actually members of society because they live at all times, b'
---
iter  24050 | loss 4.1541 | lr 5.62e-05 | grad 0.97 | 12770ms/step | 69M tok
iter  24100 | loss 4.1602 | lr 5.58e-05 | grad 0.91 | 12742ms/step | 72M tok
iter  24150 | loss 4.1610 | lr 5.54e-05 | grad 0.96 | 12717ms/step | 75M tok
iter  24200 | loss 4.1476 | lr 5.49e-05 | grad 1.35 | 12694ms/step | 79M tok
iter  24250 | loss 4.1634 | lr 5.45e-05 | grad 1.05 | 12673ms/step | 82M tok
iter  24300 | loss 4.1544 | lr 5.41e-05 | grad 0.95 | 12653ms/step | 85M tok
iter  24350 | loss 4.1508 | lr 5.37e-05 | grad 1.33 | 12635ms/step | 88M tok
iter  24400 | loss 4.1550 | lr 5.33e-05 | grad 0.81 | 12621ms/step | 92M tok
iter  24450 | loss 4.1569 | lr 5.29e-05 | grad 1.06 | 12605ms/step | 95M tok
iter  24500 | loss 4.1702 | lr 5.25e-05 | grad 9.59 | 12590ms/step | 98M tok
============================================================
[5.3h, iter 24500] Train: 4.1500 | Val: 4.1295 | BPB: 5.958 | Best BPB: 5.902 | Gap: 0.021 
  Thought gates: [0.5, 0.285, 0.274, 0.5]
  Mass proj norm: 24.4858
============================================================
iter  24550 | loss 4.1711 | lr 5.21e-05 | grad 1.29 | 12593ms/step | 102M tok
iter  24600 | loss 4.1554 | lr 5.17e-05 | grad 0.79 | 12579ms/step | 105M tok
iter  24650 | loss 4.1521 | lr 5.13e-05 | grad 1.08 | 12566ms/step | 108M tok
iter  24700 | loss 4.1480 | lr 5.09e-05 | grad 1.74 | 12553ms/step | 111M tok
iter  24750 | loss 4.1537 | lr 5.06e-05 | grad 17.91 | 12542ms/step | 115M tok
iter  24800 | loss 4.1554 | lr 5.02e-05 | grad 0.99 | 12531ms/step | 118M tok
iter  24850 | loss 4.1529 | lr 4.98e-05 | grad 6.88 | 12520ms/step | 121M tok
iter  24900 | loss 4.1408 | lr 4.94e-05 | grad 0.90 | 12511ms/step | 125M tok
iter  24950 | loss 4.6338 | lr 4.91e-05 | grad 0.82 | 12501ms/step | 128M tok
iter  25000 | loss 4.1477 | lr 4.87e-05 | grad 1.06 | 12492ms/step | 131M tok
============================================================
[6.9h, iter 25000] Train: 4.0273 | Val: 4.0978 | BPB: 5.912 | Best BPB: 5.902 | Gap: -0.070 
  Thought gates: [0.5, 0.285, 0.274, 0.5]
  Mass proj norm: 24.5150
============================================================
iter  25050 | loss 4.4650 | lr 4.83e-05 | grad 29.97 | 12497ms/step | 134M tok
iter  25100 | loss 5.0526 | lr 4.80e-05 | grad 281.77 | 12488ms/step | 138M tok
iter  25150 | loss 4.2020 | lr 4.76e-05 | grad 0.80 | 12480ms/step | 141M tok
iter  25200 | loss 4.1495 | lr 4.73e-05 | grad 0.92 | 12472ms/step | 144M tok
iter  25250 | loss 4.1448 | lr 4.69e-05 | grad 1.99 | 12464ms/step | 147M tok
iter  25300 | loss 4.1547 | lr 4.66e-05 | grad 0.99 | 12458ms/step | 151M tok
iter  25350 | loss 4.1385 | lr 4.62e-05 | grad 0.86 | 12451ms/step | 154M tok
iter  25400 | loss 4.1499 | lr 4.59e-05 | grad 0.78 | 12445ms/step | 157M tok
iter  25450 | loss 4.1448 | lr 4.55e-05 | grad 1.02 | 12438ms/step | 161M tok
iter  25500 | loss 4.1388 | lr 4.52e-05 | grad 0.93 | 12433ms/step | 164M tok
============================================================
[8.6h, iter 25500] Train: 4.0249 | Val: 4.0733 | BPB: 5.877 | Best BPB: 5.877 | Gap: -0.048 >>> BEST!
  Thought gates: [0.5, 0.285, 0.274, 0.5]
  Mass proj norm: 24.5408
============================================================
iter  25550 | loss 4.3254 | lr 4.49e-05 | grad 16.83 | 12439ms/step | 167M tok
iter  25600 | loss 4.2559 | lr 4.46e-05 | grad 0.74 | 12434ms/step | 170M tok
iter  25650 | loss 4.1307 | lr 4.42e-05 | grad 1.69 | 12429ms/step | 174M tok
iter  25700 | loss 4.1342 | lr 4.39e-05 | grad 1.53 | 12423ms/step | 177M tok
iter  25750 | loss 4.1304 | lr 4.36e-05 | grad 1.53 | 12418ms/step | 180M tok
iter  25800 | loss 4.1372 | lr 4.33e-05 | grad 0.81 | 12413ms/step | 184M tok
iter  25850 | loss 4.1363 | lr 4.30e-05 | grad 0.95 | 12408ms/step | 187M tok
iter  25900 | loss 4.1443 | lr 4.27e-05 | grad 17.42 | 12403ms/step | 190M tok
iter  25950 | loss 4.1337 | lr 4.24e-05 | grad 1.13 | 12399ms/step | 193M tok
iter  26000 | loss 4.1259 | lr 4.21e-05 | grad 0.80 | 12394ms/step | 197M tok
============================================================
[10.3h, iter 26000] Train: 4.0404 | Val: 4.0769 | BPB: 5.882 | Best BPB: 5.877 | Gap: -0.036 
  Thought gates: [0.5, 0.285, 0.274, 0.5]
  Mass proj norm: 24.5665
============================================================

--- Generation samples (iter 26000) ---
  [The capital of France is]: 'The capital of France is a country who developed the capital of its capital in 1387. In the following year, he founded a small kingdom and established an independent colony for many years until his de'
  [Machine learning is a field of]: 'Machine learning is a field of education in the field of research. I am going to ask for an easy, learning experience about the field, and how we can tell stories which are you using your own? - How d'
  [In the year 2050, humanity]: 'In the year 2050, humanity's role in the creation of the creation of modern society. The concept of man is "poor," yet he has a very different purpose and meaning: - What do you think? Why not?" How d'
  [The meaning of life is]: 'The meaning of life is as follows: - The feeling of the way of life is so special, and we can also have a sense of what it means. Some people don't want to make up some kind of socialisation because t'
---
iter  26050 | loss 4.1347 | lr 4.18e-05 | grad 0.72 | 12401ms/step | 200M tok
iter  26100 | loss 4.1266 | lr 4.15e-05 | grad 0.75 | 12396ms/step | 203M tok
iter  26150 | loss 4.1302 | lr 4.12e-05 | grad 0.70 | 12392ms/step | 206M tok
iter  26200 | loss 4.1321 | lr 4.09e-05 | grad 0.86 | 12387ms/step | 210M tok
iter  26250 | loss 4.2709 | lr 4.06e-05 | grad 0.85 | 12383ms/step | 213M tok
iter  26300 | loss 4.1291 | lr 4.03e-05 | grad 0.84 | 12379ms/step | 216M tok
iter  26350 | loss 4.1275 | lr 4.01e-05 | grad 0.77 | 12375ms/step | 220M tok
iter  26400 | loss 4.1313 | lr 3.98e-05 | grad 0.75 | 12371ms/step | 223M tok
iter  26450 | loss 4.1194 | lr 3.95e-05 | grad 1.11 | 12376ms/step | 226M tok
iter  26500 | loss 4.1304 | lr 3.93e-05 | grad 0.83 | 12377ms/step | 229M tok
============================================================
[12.0h, iter 26500] Train: 4.0601 | Val: 4.0609 | BPB: 5.859 | Best BPB: 5.859 | Gap: -0.001 >>> BEST!
  Thought gates: [0.5, 0.285, 0.273, 0.5]
  Mass proj norm: 24.5891
============================================================
iter  26550 | loss 4.1228 | lr 3.90e-05 | grad 0.84 | 12383ms/step | 233M tok
iter  26600 | loss 4.1320 | lr 3.88e-05 | grad 0.92 | 12380ms/step | 236M tok
iter  26650 | loss 4.1344 | lr 3.85e-05 | grad 1.08 | 12376ms/step | 239M tok
iter  26700 | loss 4.2552 | lr 3.83e-05 | grad 21.12 | 12373ms/step | 242M tok
iter  26750 | loss 4.1222 | lr 3.80e-05 | grad 0.84 | 12370ms/step | 246M tok
iter  26800 | loss 4.1204 | lr 3.78e-05 | grad 0.83 | 12367ms/step | 249M tok
iter  26850 | loss 4.1351 | lr 3.75e-05 | grad 0.80 | 12363ms/step | 252M tok
iter  26900 | loss 4.2358 | lr 3.73e-05 | grad 0.79 | 12360ms/step | 256M tok
iter  26950 | loss 4.2570 | lr 3.71e-05 | grad 1.56 | 12357ms/step | 259M tok
iter  27000 | loss 4.1953 | lr 3.68e-05 | grad 0.76 | 12354ms/step | 262M tok
============================================================
[13.7h, iter 27000] Train: 4.0260 | Val: 4.0365 | BPB: 5.824 | Best BPB: 5.824 | Gap: -0.010 >>> BEST!
  Thought gates: [0.5, 0.285, 0.273, 0.5]
  Mass proj norm: 24.6114
============================================================
iter  27050 | loss 4.1236 | lr 3.66e-05 | grad 0.76 | 12359ms/step | 265M tok
iter  27100 | loss 4.1129 | lr 3.64e-05 | grad 0.85 | 12357ms/step | 269M tok
iter  27150 | loss 4.1262 | lr 3.62e-05 | grad 0.79 | 12354ms/step | 272M tok
iter  27200 | loss 4.1283 | lr 3.60e-05 | grad 0.82 | 12351ms/step | 275M tok
iter  27250 | loss 4.1208 | lr 3.57e-05 | grad 0.78 | 12349ms/step | 279M tok
iter  27300 | loss 4.1501 | lr 3.55e-05 | grad 18.69 | 12346ms/step | 282M tok
iter  27350 | loss 4.1360 | lr 3.53e-05 | grad 0.75 | 12343ms/step | 285M tok
iter  27400 | loss 4.4373 | lr 3.51e-05 | grad 0.79 | 12341ms/step | 288M tok
iter  27450 | loss 4.1203 | lr 3.49e-05 | grad 0.79 | 12339ms/step | 292M tok
iter  27500 | loss 4.1175 | lr 3.48e-05 | grad 0.79 | 12336ms/step | 295M tok
============================================================
[15.4h, iter 27500] Train: 4.0480 | Val: 4.0544 | BPB: 5.850 | Best BPB: 5.824 | Gap: -0.006 
  Thought gates: [0.5, 0.284, 0.273, 0.5]
  Mass proj norm: 24.6313
============================================================
iter  27550 | loss 4.1204 | lr 3.46e-05 | grad 0.84 | 12340ms/step | 298M tok
iter  27600 | loss 4.1256 | lr 3.44e-05 | grad 0.82 | 12338ms/step | 301M tok
iter  27650 | loss 4.1222 | lr 3.42e-05 | grad 10.48 | 12335ms/step | 305M tok
iter  27700 | loss 4.1183 | lr 3.40e-05 | grad 0.77 | 12333ms/step | 308M tok
iter  27750 | loss 4.1060 | lr 3.39e-05 | grad 0.92 | 12331ms/step | 311M tok
iter  27800 | loss 4.1144 | lr 3.37e-05 | grad 0.87 | 12329ms/step | 315M tok
iter  27850 | loss 4.1187 | lr 3.35e-05 | grad 0.82 | 12327ms/step | 318M tok
iter  27900 | loss 4.1148 | lr 3.34e-05 | grad 0.79 | 12327ms/step | 321M tok
iter  27950 | loss 4.1233 | lr 3.32e-05 | grad 0.85 | 12327ms/step | 324M tok
iter  28000 | loss 4.1120 | lr 3.31e-05 | grad 0.88 | 12328ms/step | 328M tok
============================================================
[17.1h, iter 28000] Train: 4.0497 | Val: 4.0218 | BPB: 5.803 | Best BPB: 5.803 | Gap: 0.028 >>> BEST!
  Thought gates: [0.5, 0.284, 0.273, 0.5]
  Mass proj norm: 24.6514
============================================================

--- Generation samples (iter 28000) ---
  [The capital of France is]: 'The capital of France is a country in the whole of France and is characterized by Germany. The capital was divided into ten states: the Holy See is also the "King of England". A number of provinces fr'
  [Machine learning is a field of]: 'Machine learning is a field of learning. This allows the user of a web-based model to make them better understood and more accurate as it can be, in practice. With this learning experience with the le'
  [In the year 2050, humanity]: 'In the year 2050, humanity has not yet passed since the creation of “the most powerful” state, that is an idea. There are no real examples in Africa and many of us find more humankind than to be able '
  [The meaning of life is]: 'The meaning of life is as much the same, or the word that comes with its own way of life. The word “final” is used to describe a particular meaning, and what makes it, but not the same thing can be sa'
---
iter  28050 | loss 4.1131 | lr 3.29e-05 | grad 0.96 | 12336ms/step | 331M tok
iter  28100 | loss 4.1137 | lr 3.28e-05 | grad 0.96 | 12335ms/step | 334M tok
iter  28150 | loss 4.2192 | lr 3.26e-05 | grad 21.53 | 12334ms/step | 338M tok
iter  28200 | loss 4.4996 | lr 3.25e-05 | grad 0.75 | 12334ms/step | 341M tok
iter  28250 | loss 4.1159 | lr 3.23e-05 | grad 0.82 | 12333ms/step | 344M tok
iter  28300 | loss 4.1154 | lr 3.22e-05 | grad 0.76 | 12334ms/step | 347M tok
iter  28350 | loss 4.1177 | lr 3.21e-05 | grad 0.76 | 12335ms/step | 351M tok
iter  28400 | loss 4.1153 | lr 3.20e-05 | grad 0.80 | 12340ms/step | 354M tok
iter  28450 | loss 4.1176 | lr 3.18e-05 | grad 0.81 | 12347ms/step | 357M tok
iter  28500 | loss 4.1096 | lr 3.17e-05 | grad 0.78 | 12353ms/step | 360M tok
============================================================
[18.9h, iter 28500] Train: 4.0020 | Val: 4.0335 | BPB: 5.819 | Best BPB: 5.803 | Gap: -0.031 
  Thought gates: [0.5, 0.284, 0.272, 0.5]
  Mass proj norm: 24.6693
============================================================
iter  28550 | loss 4.1079 | lr 3.16e-05 | grad 1.00 | 12364ms/step | 364M tok
iter  28600 | loss 4.1079 | lr 3.15e-05 | grad 0.79 | 12370ms/step | 367M tok
iter  28650 | loss 4.1183 | lr 3.14e-05 | grad 0.91 | 12377ms/step | 370M tok
iter  28700 | loss 4.1028 | lr 3.13e-05 | grad 0.93 | 12384ms/step | 374M tok
iter  28750 | loss 4.1378 | lr 3.12e-05 | grad 28.32 | 12390ms/step | 377M tok
iter  28800 | loss 4.2088 | lr 3.11e-05 | grad 0.77 | 12396ms/step | 380M tok
iter  28850 | loss 4.1131 | lr 3.10e-05 | grad 0.96 | 12401ms/step | 383M tok
iter  28900 | loss 4.1061 | lr 3.09e-05 | grad 0.82 | 12407ms/step | 387M tok
iter  28950 | loss 4.1081 | lr 3.08e-05 | grad 0.79 | 12409ms/step | 390M tok
iter  29000 | loss 4.1742 | lr 3.08e-05 | grad 0.83 | 12407ms/step | 393M tok
============================================================
[20.7h, iter 29000] Train: 4.0230 | Val: 4.0564 | BPB: 5.852 | Best BPB: 5.803 | Gap: -0.033 
  Thought gates: [0.5, 0.284, 0.272, 0.5]
  Mass proj norm: 24.6854
============================================================
iter  29050 | loss 4.1050 | lr 3.07e-05 | grad 0.81 | 12410ms/step | 396M tok
iter  29100 | loss 4.1089 | lr 3.06e-05 | grad 0.75 | 12408ms/step | 400M tok
iter  29150 | loss 4.1130 | lr 3.06e-05 | grad 0.84 | 12406ms/step | 403M tok
iter  29200 | loss 4.1089 | lr 3.05e-05 | grad 0.81 | 12405ms/step | 406M tok
iter  29250 | loss 4.1012 | lr 3.04e-05 | grad 0.76 | 12404ms/step | 410M tok
iter  29300 | loss 4.1063 | lr 3.04e-05 | grad 0.84 | 12402ms/step | 413M tok
iter  29350 | loss 4.1065 | lr 3.03e-05 | grad 0.83 | 12401ms/step | 416M tok
iter  29400 | loss 4.1095 | lr 3.03e-05 | grad 0.72 | 12400ms/step | 419M tok
iter  29450 | loss 4.1047 | lr 3.02e-05 | grad 0.88 | 12398ms/step | 423M tok
iter  29500 | loss 4.1029 | lr 3.02e-05 | grad 1.10 | 12397ms/step | 426M tok
============================================================
[22.4h, iter 29500] Train: 4.0277 | Val: 4.0901 | BPB: 5.901 | Best BPB: 5.803 | Gap: -0.062 
  Thought gates: [0.5, 0.284, 0.272, 0.5]
  Mass proj norm: 24.7013
============================================================
iter  29550 | loss 4.1092 | lr 3.02e-05 | grad 0.74 | 12400ms/step | 429M tok
iter  29600 | loss 4.0933 | lr 3.01e-05 | grad 0.88 | 12399ms/step | 433M tok
iter  29650 | loss 4.1082 | lr 3.01e-05 | grad 0.78 | 12398ms/step | 436M tok
iter  29700 | loss 4.1115 | lr 3.01e-05 | grad 1.20 | 12397ms/step | 439M tok
iter  29750 | loss 4.0975 | lr 3.00e-05 | grad 0.71 | 12395ms/step | 442M tok
iter  29800 | loss 4.0988 | lr 3.00e-05 | grad 1.42 | 12394ms/step | 446M tok
iter  29850 | loss 4.1002 | lr 3.00e-05 | grad 1.44 | 12393ms/step | 449M tok
iter  29900 | loss 4.0994 | lr 3.00e-05 | grad 0.75 | 12391ms/step | 452M tok
iter  29950 | loss 4.1027 | lr 3.00e-05 | grad 0.80 | 12390ms/step | 455M tok

[Signal] Stopping gracefully...

Training finished at iter 29972.
Saved last_hdc_brain_v14_1.pt
Best val: 4.0218 (BPB: 5.803)
