[08:29:50] ============================================================
[08:29:50] HDC-Brain v18: Worm-Driven + Working Memory
[08:29:50] ============================================================
[08:29:50] dim=4096, threads=4, chunk=100000, sample=10, checks=10000, passes=1
[08:29:50] Data: 27474958 tokens, vocab_size=16000
[08:29:50] ============================================================
[08:29:50] Phase 0: Semantic Codebook
[08:29:50] ============================================================
[08:29:50] Codebook loaded from cache: codebook_16000_4096.bin
[08:29:50] ============================================================
[08:29:50] Worm Training (1 passes), chunk=100000, sample_rate=10, worm_checks=10000
[08:29:50] ============================================================
[08:29:50] --- Pass 1/1 ---
[08:30:02]   18% | Memory: words=16000, facts=371029, rules=66078, abstractions=22983, meta=1 | thoughts=500
[08:30:20]   36% | Memory: words=16000, facts=655007, rules=117310, abstractions=44030, meta=2 | thoughts=500
[08:30:39]   54% | Memory: words=16000, facts=918638, rules=163113, abstractions=64153, meta=2 | thoughts=500
[08:31:01]   72% | Memory: words=16000, facts=1193292, rules=208643, abstractions=84600, meta=2 | thoughts=500
[08:31:24]   91% | Memory: words=16000, facts=1438939, rules=251942, abstractions=104762, meta=2 | thoughts=500
[08:31:35] Final worm cycle...
[08:31:35]   [SharedThoughts] 1 thoughts:
[08:31:35]     Ask × 500
[08:31:38]   [Analyst] CHECK: 34.7% agree (10417/29999), 19582 conflicts, 8025 asked, YES neighbors_by_tokens
[08:31:39]   [Skeptic] Inbox: 11557 CONFLICT, 8525 ASK from others
[08:31:39]   [Skeptic] RESOLVE: 7664 strengthened, 3893 asked, 1602 weak found
[08:31:39]   [Explorer] Inbox: 18081 confirmed STRONG
[08:31:39]   [Explorer] MAP: 10680 tokens (2491 strong, 5560 weak), 200 bigram_rules, 50 abstractions, 20 MISSING sent
[08:31:49]   [Teacher] confirmed=631, taught new=0
[08:31:49]   Thought summary: total=43659, STRONG=18081, CONFLICT=11557, ASK=12418, MISSING=0
[08:31:49] Worm Report: scanned=3443042, stored=1945054, strengthened=1872397, weakened=5826, asked=262359, teacher=631c/0t
[08:31:49] Evaluating with WormMind...
[08:31:56]   METRIC: Top-1 = 22.00%
[08:31:56]   METRIC: Top-5 = 35.72%
[08:31:56]   METRIC: avg_reasoning = 30.6936
[08:31:56]   METRIC: avg_confidence = 0.3859
[08:31:56]   METRIC: background_updates = 6950.0000
[08:31:56]   METRIC: no_trigram_match = 1.88%
[08:31:56]   METRIC: avg_uncertain = 21.6250
[08:31:56]   METRIC: avg_contradictions = 2.7718
[08:31:56]   METRIC: need_more_data = 5094.0000
[08:31:56] Memory: words=16000, facts=1558542, rules=272117, abstractions=117393, meta=2 | bigram_idx=1175457 | token_idx=15354 | time=125.5s
[08:31:56] ============================================================
[08:31:56] Training Complete (125.5s) | Memory: words=16000, facts=1558542, rules=272117, abstractions=117393, meta=2
[08:31:56] ============================================================
[08:31:56] ============================================================
[08:31:56] Final Evaluation (10000 positions) with WormMind
[08:31:56] ============================================================
[08:32:10]   METRIC: Final Top-1 = 17.98%
[08:32:10]   METRIC: Final Top-5 = 30.44%
[08:32:10]   METRIC: Final avg_reasoning = 30.7249
[08:32:10]   METRIC: Final avg_confidence = 0.3773
[08:32:10]   METRIC: Final bg_updates = 10379.0000
[08:32:10] ============================================================
[08:32:10] Self-Diagnostic Report
[08:32:10] ============================================================
[08:32:10]   METRIC: no_trigram_match = 1.90%
[08:32:10]   METRIC: avg_uncertain = 21.9615
[08:32:10]   METRIC: avg_contradictions = 2.7654
[08:32:10]   METRIC: need_more_data = 10190.0000
[08:32:10] ============================================================
[08:32:10] Complete in 139.8s (2.3 min)
[08:32:10] ============================================================
[08:32:10] Memory: words=16000, facts=1558542, rules=272117, abstractions=120246, meta=2
[08:32:10] Log saved to: phase2_hebbian.log
