[10:09:21] ============================================================
[10:09:21] HDC-Brain v18: Worm-Driven + Working Memory
[10:09:21] ============================================================
[10:09:21] dim=4096, threads=6, chunk=100000, sample=10, checks=10000, passes=1
[10:09:21] Data: 27474958 tokens, vocab_size=16000
[10:09:21] ============================================================
[10:09:21] Phase 0: Semantic Codebook
[10:09:21] ============================================================
[10:15:37] Codebook built
[10:15:37] ============================================================
[10:15:37] Worm Training (1 passes), chunk=100000, sample_rate=10, worm_checks=10000
[10:15:37] ============================================================
[10:15:37] --- Pass 1/1 ---
[10:15:50]   18% | Memory: words=16000, facts=351141, rules=46955, abstractions=15352, meta=1 | thoughts=500
[10:16:08]   36% | Memory: words=16000, facts=612227, rules=81170, abstractions=27721, meta=2 | thoughts=500
[10:16:30]   54% | Memory: words=16000, facts=851726, rules=111993, abstractions=38938, meta=2 | thoughts=500
[10:16:55]   72% | Memory: words=16000, facts=1102574, rules=143582, abstractions=50242, meta=2 | thoughts=500
[10:17:18]   91% | Memory: words=16000, facts=1324714, rules=172900, abstractions=61462, meta=2 | thoughts=500
[10:17:31] Final worm cycle...
[10:17:31]   [SharedThoughts] 1 thoughts:
[10:17:31]     Ask × 500
[10:17:34]   [Analyst] CHECK: 34.0% agree (10186/30000), 19814 conflicts, 7530 asked, YES neighbors_by_tokens
[10:17:35]   [Skeptic] Inbox: 12284 CONFLICT, 8030 ASK from others
[10:17:35]   [Skeptic] RESOLVE: 9684 strengthened, 2600 asked, 1759 weak found
[10:17:35]   [Explorer] Inbox: 19870 confirmed STRONG
[10:17:35]   [Explorer] MAP: 10786 tokens (2425 strong, 5601 weak), 200 bigram_rules, 50 abstractions, 20 MISSING sent
[10:17:46]   [Teacher] confirmed=658, taught new=0
[10:17:46]   Thought summary: total=44543, STRONG=19870, CONFLICT=12284, ASK=10630, MISSING=0
[10:17:46] Worm Report: scanned=3445658, stored=1685155, strengthened=2149895, weakened=6878, asked=246416, teacher=658c/0t
[10:17:46] Evaluating with Working Memory...
[10:18:05]   METRIC: Top-1 = 22.58%
[10:18:05]   METRIC: Top-5 = 37.42%
[10:18:05]   METRIC: avg_evidence = 1546.9456
[10:18:05]   METRIC: avg_sources = 6.7334
[10:18:05]   METRIC: avg_confidence = 0.3309
[10:18:05] Memory: words=16000, facts=1432281, rules=186349, abstractions=66523, meta=2 | bigram_idx=1130903 | token_idx=15354 | time=148.4s
[10:18:05] ============================================================
[10:18:05] Training Complete (148.4s) | Memory: words=16000, facts=1432281, rules=186349, abstractions=66523, meta=2
[10:18:05] ============================================================
[10:18:05] ============================================================
[10:18:05] Final Evaluation (5000 positions) with Working Memory
[10:18:05] ============================================================
[10:18:23]   METRIC: Final Top-1 = 22.58%
[10:18:23]   METRIC: Final Top-5 = 37.42%
[10:18:23]   METRIC: Final avg_evidence = 1546.9452
[10:18:23]   METRIC: Final avg_sources = 6.7334
[10:18:23]   METRIC: Final avg_confidence = 0.3309
[10:18:23] ============================================================
[10:18:23] Complete in 542.1s (9.0 min)
[10:18:23] ============================================================
[10:18:23] Memory: words=16000, facts=1432281, rules=186349, abstractions=66523, meta=2
[10:18:23] Log saved to: training.log
