[10:50:33] ============================================================
[10:50:33] HDC-Brain v18: Worm-Driven + Working Memory
[10:50:33] ============================================================
[10:50:33] dim=4096, threads=6, chunk=100000, sample=10, checks=10000, passes=1
[10:50:33] Data: 27474958 tokens, vocab_size=16000
[10:50:33] ============================================================
[10:50:33] Phase 0: Semantic Codebook
[10:50:33] ============================================================
[10:56:52] Codebook built
[10:56:52] ============================================================
[10:56:52] Worm Training (1 passes), chunk=100000, sample_rate=10, worm_checks=10000
[10:56:52] ============================================================
[10:56:52] --- Pass 1/1 ---
[10:57:04]   18% | Memory: words=16000, facts=391328, rules=60443, abstractions=23638, meta=1 | thoughts=500
[10:57:21]   36% | Memory: words=16000, facts=698726, rules=105147, abstractions=46042, meta=2 | thoughts=500
[10:57:41]   54% | Memory: words=16000, facts=987842, rules=145670, abstractions=68062, meta=3 | thoughts=500
[10:58:06]   72% | Memory: words=16000, facts=1294755, rules=187649, abstractions=89895, meta=4 | thoughts=500
[10:58:30]   91% | Memory: words=16000, facts=1570226, rules=226027, abstractions=111374, meta=5 | thoughts=500
[10:58:44] Final worm cycle...
[10:58:44]   [SharedThoughts] 1 thoughts:
[10:58:44]     Ask × 500
[10:58:48]   [Analyst] CHECK: 28.2% agree (8462/30000), 21538 conflicts, 8880 asked, YES neighbors_by_tokens
[10:58:51]   [Skeptic] Inbox: 12658 CONFLICT, 9380 ASK from others
[10:58:51]   [Skeptic] RESOLVE: 4267 strengthened, 8391 asked, 1389 weak found
[10:58:51]   [Explorer] Inbox: 12729 confirmed STRONG
[10:58:51]   [Explorer] MAP: 10742 tokens (2316 strong, 5706 weak), 200 bigram_rules, 50 abstractions, 20 MISSING sent
[10:58:59]   [Teacher] confirmed=679, taught new=0
[10:58:59]   Thought summary: total=44547, STRONG=12729, CONFLICT=12658, ASK=17771, MISSING=0
[10:58:59] Worm Report: scanned=3443204, stored=2071667, strengthened=1709922, weakened=4957, asked=299125, teacher=679c/0t
[10:58:59] Evaluating with WormMind...
[10:59:04]   METRIC: Top-1 = 23.36%
[10:59:04]   METRIC: Top-5 = 37.22%
[10:59:04]   METRIC: avg_reasoning = 49.7692
[10:59:04]   METRIC: avg_thoughts = 49.7692
[10:59:04]   METRIC: avg_confidence = 0.4932
[10:59:04]   METRIC: background_updates = 5071.0000
[10:59:04] Memory: words=16000, facts=1705304, rules=244484, abstractions=124640, meta=5 | bigram_idx=1225640 | token_idx=15354 | time=131.8s
[10:59:04] ============================================================
[10:59:04] Training Complete (131.8s) | Memory: words=16000, facts=1705304, rules=244484, abstractions=124640, meta=5
[10:59:04] ============================================================
[10:59:04] ============================================================
[10:59:04] Final Evaluation (5000 positions) with WormMind
[10:59:04] ============================================================
[10:59:08]   METRIC: Final Top-1 = 22.80%
[10:59:08]   METRIC: Final Top-5 = 36.18%
[10:59:08]   METRIC: Final avg_reasoning = 49.6694
[10:59:08]   METRIC: Final avg_thoughts = 49.6694
[10:59:08]   METRIC: Final avg_confidence = 0.4964
[10:59:08]   METRIC: Final bg_updates = 2335.0000
[10:59:08] ============================================================
[10:59:08] Complete in 515.4s (8.6 min)
[10:59:08] ============================================================
[10:59:08] Memory: words=16000, facts=1705304, rules=244484, abstractions=124694, meta=5
[10:59:08] Log saved to: training_mind3.log
