[07:47:50] ============================================================
[07:47:50] HDC-Brain v18: Worm-Driven + Working Memory
[07:47:50] ============================================================
[07:47:50] dim=4096, threads=4, chunk=100000, sample=10, checks=10000, passes=1
[07:47:50] Data: 27474958 tokens, vocab_size=16000
[07:47:50] ============================================================
[07:47:50] Phase 0: Semantic Codebook
[07:47:50] ============================================================
[07:47:50] Codebook loaded from cache: codebook_16000_4096.bin
[07:47:50] ============================================================
[07:47:50] Worm Training (1 passes), chunk=100000, sample_rate=10, worm_checks=10000
[07:47:50] ============================================================
[07:47:50] --- Pass 1/1 ---
[07:48:02]   18% | Memory: words=16000, facts=371029, rules=66076, abstractions=22983, meta=1 | thoughts=500
[07:48:19]   36% | Memory: words=16000, facts=655007, rules=117313, abstractions=44030, meta=2 | thoughts=500
[07:48:38]   54% | Memory: words=16000, facts=918638, rules=163114, abstractions=64155, meta=2 | thoughts=500
[07:49:00]   72% | Memory: words=16000, facts=1193292, rules=208644, abstractions=84603, meta=2 | thoughts=500
[07:49:21]   91% | Memory: words=16000, facts=1438939, rules=251943, abstractions=104765, meta=2 | thoughts=500
[07:49:32] Final worm cycle...
[07:49:32]   [SharedThoughts] 1 thoughts:
[07:49:32]     Ask × 500
[07:49:35]   [Analyst] CHECK: 34.5% agree (10351/29999), 19648 conflicts, 8005 asked, YES neighbors_by_tokens
[07:49:36]   [Skeptic] Inbox: 11643 CONFLICT, 8505 ASK from others
[07:49:36]   [Skeptic] RESOLVE: 7590 strengthened, 4053 asked, 1590 weak found
[07:49:36]   [Explorer] Inbox: 17941 confirmed STRONG
[07:49:36]   [Explorer] MAP: 10680 tokens (2478 strong, 5560 weak), 200 bigram_rules, 50 abstractions, 20 MISSING sent
[07:49:47]   [Teacher] confirmed=601, taught new=0
[07:49:47]   Thought summary: total=43733, STRONG=17941, CONFLICT=11643, ASK=12558, MISSING=0
[07:49:47] Worm Report: scanned=3443131, stored=1945058, strengthened=1869783, weakened=5827, asked=265062, teacher=601c/0t
[07:49:47] Evaluating with WormMind...
[07:49:52]   METRIC: Top-1 = 22.16%
[07:49:52]   METRIC: Top-5 = 37.06%
[07:49:52]   METRIC: avg_reasoning = 50.6198
[07:49:52]   METRIC: avg_confidence = 0.5265
[07:49:52]   METRIC: background_updates = 5481.0000
[07:49:52]   METRIC: no_trigram_match = 1.92%
[07:49:52]   METRIC: avg_uncertain = 19.6324
[07:49:52]   METRIC: avg_contradictions = 2.7388
[07:49:52]   METRIC: need_more_data = 5090.0000
[07:49:52] Memory: words=16000, facts=1558542, rules=272118, abstractions=117397, meta=2 | bigram_idx=1175457 | token_idx=15354 | time=121.2s
[07:49:52] ============================================================
[07:49:52] Training Complete (121.2s) | Memory: words=16000, facts=1558542, rules=272118, abstractions=117397, meta=2
[07:49:52] ============================================================
[07:49:52] ============================================================
[07:49:52] Final Evaluation (10000 positions) with WormMind
[07:49:52] ============================================================
[07:50:01]   METRIC: Final Top-1 = 18.05%
[07:50:01]   METRIC: Final Top-5 = 31.53%
[07:50:01]   METRIC: Final avg_reasoning = 50.6676
[07:50:01]   METRIC: Final avg_confidence = 0.5178
[07:50:01]   METRIC: Final bg_updates = 7847.0000
[07:50:01] ============================================================
[07:50:01] Self-Diagnostic Report
[07:50:01] ============================================================
[07:50:01]   METRIC: no_trigram_match = 1.89%
[07:50:01]   METRIC: avg_uncertain = 20.0193
[07:50:01]   METRIC: avg_contradictions = 2.7358
[07:50:01]   METRIC: need_more_data = 10177.0000
[07:50:01] ============================================================
[07:50:01] Complete in 131.0s (2.2 min)
[07:50:01] ============================================================
[07:50:01] Memory: words=16000, facts=1558542, rules=272118, abstractions=120265, meta=2
[07:50:01] Log saved to: training_binding_sr10.log
