[10:29:44] ============================================================
[10:29:44] HDC-Brain v18: Worm-Driven + Working Memory
[10:29:44] ============================================================
[10:29:44] dim=4096, threads=6, chunk=100000, sample=10, checks=10000, passes=1
[10:29:45] Data: 27474958 tokens, vocab_size=16000
[10:29:45] ============================================================
[10:29:45] Phase 0: Semantic Codebook
[10:29:45] ============================================================
[10:36:14] Codebook built
[10:36:14] ============================================================
[10:36:14] Worm Training (1 passes), chunk=100000, sample_rate=10, worm_checks=10000
[10:36:14] ============================================================
[10:36:14] --- Pass 1/1 ---
[10:36:28]   18% | Memory: words=16000, facts=353443, rules=73755, abstractions=24462, meta=1 | thoughts=500
[10:36:47]   36% | Memory: words=16000, facts=616251, rules=132561, abstractions=48061, meta=1 | thoughts=500
[10:37:16]   54% | Memory: words=16000, facts=857364, rules=186433, abstractions=71220, meta=1 | thoughts=500
[10:37:59]   72% | Memory: words=16000, facts=1111941, rules=240417, abstractions=94073, meta=1 | thoughts=500
[10:38:25]   91% | Memory: words=16000, facts=1337927, rules=291497, abstractions=116706, meta=1 | thoughts=500
[10:38:37] Final worm cycle...
[10:38:37]   [SharedThoughts] 1 thoughts:
[10:38:37]     Ask × 500
[10:38:39]   [Analyst] CHECK: 39.5% agree (11861/30000), 18139 conflicts, 7601 asked, YES neighbors_by_tokens
[10:38:42]   [Skeptic] Inbox: 10538 CONFLICT, 8101 ASK from others
[10:38:42]   [Skeptic] RESOLVE: 7697 strengthened, 2841 asked, 2427 weak found
[10:38:42]   [Explorer] Inbox: 19558 confirmed STRONG
[10:38:42]   [Explorer] MAP: 10775 tokens (4293 strong, 5490 weak), 200 bigram_rules, 50 abstractions, 20 MISSING sent
[10:38:52]   [Teacher] confirmed=662, taught new=0
[10:38:52]   Thought summary: total=43465, STRONG=19558, CONFLICT=10538, ASK=10942, MISSING=0
[10:38:52] Worm Report: scanned=3444560, stored=1890800, strengthened=1938389, weakened=7396, asked=250544, teacher=662c/0t
[10:38:52] Evaluating with WormMind...
[10:38:58]   METRIC: Top-1 = 21.88%
[10:38:58]   METRIC: Top-5 = 32.48%
[10:38:58]   METRIC: avg_reasoning = 20.5976
[10:38:58]   METRIC: avg_thoughts = 20.5976
[10:38:58]   METRIC: avg_confidence = 0.4745
[10:38:58]   METRIC: background_updates = 105.0000
[10:38:58] Memory: words=16000, facts=1447481, rules=315581, abstractions=127736, meta=2 | bigram_idx=1141930 | token_idx=15352 | time=163.4s
[10:38:58] ============================================================
[10:38:58] Training Complete (163.4s) | Memory: words=16000, facts=1447481, rules=315581, abstractions=127736, meta=2
[10:38:58] ============================================================
[10:38:58] ============================================================
[10:38:58] Final Evaluation (5000 positions) with WormMind
[10:38:58] ============================================================
[10:39:03]   METRIC: Final Top-1 = 21.86%
[10:39:03]   METRIC: Final Top-5 = 32.34%
[10:39:03]   METRIC: Final avg_reasoning = 20.5970
[10:39:03]   METRIC: Final avg_thoughts = 20.5970
[10:39:03]   METRIC: Final avg_confidence = 0.4753
[10:39:03]   METRIC: Final bg_updates = 105.0000
[10:39:03] ============================================================
[10:39:03] Complete in 558.3s (9.3 min)
[10:39:03] ============================================================
[10:39:03] Memory: words=16000, facts=1447481, rules=315581, abstractions=127736, meta=2
[10:39:03] Log saved to: training_mind.log
