[11:00:55] ============================================================
[11:00:55] HDC-Brain v18: Worm-Driven + Working Memory
[11:00:55] ============================================================
[11:00:55] dim=4096, threads=6, chunk=100000, sample=10, checks=10000, passes=1
[11:00:55] Data: 27474958 tokens, vocab_size=16000
[11:00:55] ============================================================
[11:00:55] Phase 0: Semantic Codebook
[11:00:55] ============================================================
[11:07:13] Codebook built
[11:07:13] ============================================================
[11:07:13] Worm Training (1 passes), chunk=100000, sample_rate=10, worm_checks=10000
[11:07:13] ============================================================
[11:07:13] --- Pass 1/1 ---
[11:07:26]   18% | Memory: words=16000, facts=370087, rules=58347, abstractions=23628, meta=1 | thoughts=500
[11:07:43]   36% | Memory: words=16000, facts=652885, rules=103480, abstractions=45510, meta=1 | thoughts=500
[11:08:03]   54% | Memory: words=16000, facts=915842, rules=144350, abstractions=66809, meta=1 | thoughts=500
[11:08:25]   72% | Memory: words=16000, facts=1193289, rules=183472, abstractions=87718, meta=1 | thoughts=500
[11:08:50]   91% | Memory: words=16000, facts=1440384, rules=221106, abstractions=108413, meta=1 | thoughts=500
[11:09:00] Final worm cycle...
[11:09:00]   [SharedThoughts] 1 thoughts:
[11:09:00]     Ask × 500
[11:09:03]   [Analyst] CHECK: 22.4% agree (6711/29998), 23287 conflicts, 8407 asked, YES neighbors_by_tokens
[11:09:06]   [Skeptic] Inbox: 14880 CONFLICT, 8907 ASK from others
[11:09:06]   [Skeptic] RESOLVE: 8031 strengthened, 6849 asked, 2292 weak found
[11:09:06]   [Explorer] Inbox: 14742 confirmed STRONG
[11:09:06]   [Explorer] MAP: 10678 tokens (4005 strong, 5628 weak), 200 bigram_rules, 50 abstractions, 20 MISSING sent
[11:09:15]   [Teacher] confirmed=634, taught new=0
[11:09:15]   Thought summary: total=47672, STRONG=14742, CONFLICT=14880, ASK=15756, MISSING=0
[11:09:15] Worm Report: scanned=3447520, stored=1917788, strengthened=1887105, weakened=6457, asked=278838, teacher=634c/0t
[11:09:15] Evaluating with WormMind...
[11:09:20]   METRIC: Top-1 = 22.44%
[11:09:20]   METRIC: Top-5 = 36.36%
[11:09:20]   METRIC: avg_reasoning = 49.5374
[11:09:20]   METRIC: avg_thoughts = 49.5374
[11:09:20]   METRIC: avg_confidence = 0.4807
[11:09:20]   METRIC: background_updates = 5398.0000
[11:09:20] Memory: words=16000, facts=1560861, rules=238459, abstractions=121439, meta=1 | bigram_idx=1178021 | token_idx=15352 | time=127.6s
[11:09:20] ============================================================
[11:09:20] Training Complete (127.6s) | Memory: words=16000, facts=1560861, rules=238459, abstractions=121439, meta=1
[11:09:20] ============================================================
[11:09:20] ============================================================
[11:09:20] Final Evaluation (5000 positions) with WormMind
[11:09:20] ============================================================
[11:09:27]   METRIC: Final Top-1 = 21.94%
[11:09:27]   METRIC: Final Top-5 = 35.32%
[11:09:27]   METRIC: Final avg_reasoning = 49.2894
[11:09:27]   METRIC: Final avg_thoughts = 49.2894
[11:09:27]   METRIC: Final avg_confidence = 0.4846
[11:09:27]   METRIC: Final bg_updates = 2463.0000
[11:09:27] ============================================================
[11:09:27] Complete in 512.8s (8.5 min)
[11:09:27] ============================================================
[11:09:27] Memory: words=16000, facts=1560861, rules=238459, abstractions=121497, meta=1
[11:09:27] Log saved to: training_mind4.log
