[10:40:40] ============================================================
[10:40:40] HDC-Brain v18: Worm-Driven + Working Memory
[10:40:40] ============================================================
[10:40:40] dim=4096, threads=6, chunk=100000, sample=10, checks=10000, passes=1
[10:40:40] Data: 27474958 tokens, vocab_size=16000
[10:40:40] ============================================================
[10:40:40] Phase 0: Semantic Codebook
[10:40:40] ============================================================
[10:47:00] Codebook built
[10:47:00] ============================================================
[10:47:00] Worm Training (1 passes), chunk=100000, sample_rate=10, worm_checks=10000
[10:47:00] ============================================================
[10:47:00] --- Pass 1/1 ---
[10:47:13]   18% | Memory: words=16000, facts=386214, rules=59175, abstractions=19183, meta=1 | thoughts=500
[10:47:30]   36% | Memory: words=16000, facts=688203, rules=102430, abstractions=36055, meta=1 | thoughts=500
[10:47:49]   54% | Memory: words=16000, facts=971276, rules=140981, abstractions=51610, meta=1 | thoughts=500
[10:48:09]   72% | Memory: words=16000, facts=1270371, rules=179546, abstractions=65831, meta=1 | thoughts=500
[10:48:29]   91% | Memory: words=16000, facts=1538302, rules=215190, abstractions=80152, meta=1 | thoughts=500
[10:48:39] Final worm cycle...
[10:48:39]   [SharedThoughts] 1 thoughts:
[10:48:39]     Ask × 500
[10:48:42]   [Analyst] CHECK: 20.0% agree (5994/29999), 24005 conflicts, 8970 asked, YES neighbors_by_tokens
[10:48:45]   [Skeptic] Inbox: 15035 CONFLICT, 9470 ASK from others
[10:48:45]   [Skeptic] RESOLVE: 5600 strengthened, 9435 asked, 1264 weak found
[10:48:45]   [Explorer] Inbox: 11594 confirmed STRONG
[10:48:45]   [Explorer] MAP: 10527 tokens (2011 strong, 5501 weak), 200 bigram_rules, 50 abstractions, 20 MISSING sent
[10:48:54]   [Teacher] confirmed=657, taught new=0
[10:48:54]   Thought summary: total=46799, STRONG=11594, CONFLICT=15035, ASK=18905, MISSING=0
[10:48:54] Worm Report: scanned=3445612, stored=1988242, strengthened=1800440, weakened=4615, asked=294797, teacher=657c/0t
[10:48:54] Evaluating with WormMind...
[10:48:57]   METRIC: Top-1 = 22.76%
[10:48:57]   METRIC: Top-5 = 36.28%
[10:48:57]   METRIC: avg_reasoning = 47.3162
[10:48:57]   METRIC: avg_thoughts = 47.3162
[10:48:57]   METRIC: avg_confidence = 0.4836
[10:48:57]   METRIC: background_updates = 167.0000
[10:48:57] Memory: words=16000, facts=1669434, rules=231977, abstractions=86830, meta=1 | bigram_idx=1213514 | token_idx=15354 | time=116.9s
[10:48:57] ============================================================
[10:48:57] Training Complete (116.9s) | Memory: words=16000, facts=1669434, rules=231977, abstractions=86830, meta=1
[10:48:57] ============================================================
[10:48:57] ============================================================
[10:48:57] Final Evaluation (5000 positions) with WormMind
[10:48:57] ============================================================
[10:49:00]   METRIC: Final Top-1 = 22.68%
[10:49:00]   METRIC: Final Top-5 = 36.32%
[10:49:00]   METRIC: Final avg_reasoning = 47.3160
[10:49:00]   METRIC: Final avg_thoughts = 47.3160
[10:49:00]   METRIC: Final avg_confidence = 0.4848
[10:49:00]   METRIC: Final bg_updates = 167.0000
[10:49:00] ============================================================
[10:49:00] Complete in 500.3s (8.3 min)
[10:49:00] ============================================================
[10:49:00] Memory: words=16000, facts=1669434, rules=231977, abstractions=86830, meta=1
[10:49:00] Log saved to: training_mind2.log
