[11:28:52] ============================================================
[11:28:52] HDC-Brain v18: Worm-Driven + Working Memory
[11:28:52] ============================================================
[11:28:52] dim=4096, threads=6, chunk=100000, sample=10, checks=5000, passes=1
[11:28:52] Data: 27474958 tokens, vocab_size=16000
[11:28:52] ============================================================
[11:28:52] Phase 0: Semantic Codebook
[11:28:52] ============================================================
[11:28:52] Codebook loaded from cache: codebook_16000_4096.bin
[11:28:52] ============================================================
[11:28:52] Worm Training (1 passes), chunk=100000, sample_rate=10, worm_checks=5000
[11:28:52] ============================================================
[11:28:52] --- Pass 1/1 ---
[11:29:02]   18% | Memory: words=16000, facts=371029, rules=66055, abstractions=22977, meta=1 | thoughts=500
[11:29:15]   36% | Memory: words=16000, facts=655007, rules=117189, abstractions=44020, meta=1 | thoughts=500
[11:29:31]   54% | Memory: words=16000, facts=918638, rules=162826, abstractions=64135, meta=1 | thoughts=500
[11:29:48]   72% | Memory: words=16000, facts=1193292, rules=208202, abstractions=84573, meta=1 | thoughts=500
[11:30:08]   91% | Memory: words=16000, facts=1438939, rules=251451, abstractions=104723, meta=2 | thoughts=500
[11:30:17] Final worm cycle...
[11:30:17]   [SharedThoughts] 1 thoughts:
[11:30:17]     Ask × 500
[11:30:19]   [Analyst] CHECK: 26.9% agree (4039/15000), 10961 conflicts, 5491 asked, YES neighbors_by_tokens
[11:30:19]   [Skeptic] Inbox: 5470 CONFLICT, 5991 ASK from others
[11:30:19]   [Skeptic] RESOLVE: 2442 strengthened, 3028 asked, 801 weak found
[11:30:19]   [Explorer] Inbox: 6481 confirmed STRONG
[11:30:19]   [Explorer] MAP: 8200 tokens (1127 strong, 5589 weak), 200 bigram_rules, 41 abstractions, 20 MISSING sent
[11:30:25]   [Teacher] confirmed=332, taught new=0
[11:30:26]   Thought summary: total=21771, STRONG=6481, CONFLICT=5470, ASK=9019, MISSING=0
[11:30:26] Worm Report: scanned=3094645, stored=1944515, strengthened=1650940, weakened=2905, asked=160846, teacher=332c/0t
[11:30:26] Evaluating with WormMind...
[11:30:32]   METRIC: Top-1 = 23.72%
[11:30:32]   METRIC: Top-5 = 35.92%
[11:30:32]   METRIC: avg_reasoning = 49.4896
[11:30:32]   METRIC: avg_confidence = 0.4495
[11:30:32]   METRIC: background_updates = 5004.0000
[11:30:32]   METRIC: no_trigram_match = 2.12%
[11:30:32]   METRIC: avg_uncertain = 14.0856
[11:30:32]   METRIC: avg_contradictions = 2.8828
[11:30:32]   METRIC: need_more_data = 3880.0000
[11:30:32] Memory: words=16000, facts=1558542, rules=271626, abstractions=116906, meta=2 | bigram_idx=1175457 | token_idx=15354 | time=99.8s
[11:30:32] ============================================================
[11:30:32] Training Complete (99.8s) | Memory: words=16000, facts=1558542, rules=271626, abstractions=116906, meta=2
[11:30:32] ============================================================
[11:30:32] ============================================================
[11:30:32] Final Evaluation (2000 positions) with WormMind
[11:30:32] ============================================================
[11:30:34]   METRIC: Final Top-1 = 18.95%
[11:30:34]   METRIC: Final Top-5 = 30.60%
[11:30:34]   METRIC: Final avg_reasoning = 49.9555
[11:30:34]   METRIC: Final avg_confidence = 0.4340
[11:30:34]   METRIC: Final bg_updates = 1827.0000
[11:30:34] ============================================================
[11:30:34] Self-Diagnostic Report
[11:30:34] ============================================================
[11:30:34]   METRIC: no_trigram_match = 2.90%
[11:30:34]   METRIC: avg_uncertain = 14.9145
[11:30:34]   METRIC: avg_contradictions = 2.9325
[11:30:34]   METRIC: need_more_data = 1636.0000
[11:30:34] ============================================================
[11:30:34] Complete in 102.3s (1.7 min)
[11:30:34] ============================================================
[11:30:34] Memory: words=16000, facts=1558542, rules=271626, abstractions=117876, meta=2
[11:30:34] Log saved to: training_cached.log
