[05:23:56] ============================================================
[05:23:56] HDC-Brain v18: Worm-Driven + Working Memory
[05:23:56] ============================================================
[05:23:56] dim=4096, threads=4, chunk=100000, sample=1, checks=10000, passes=1
[05:23:56] Data: 27474958 tokens, vocab_size=16000
[05:23:56] ============================================================
[05:23:56] Phase 0: Semantic Codebook
[05:23:56] ============================================================
[05:23:57] Codebook loaded from cache: codebook_16000_4096.bin
[05:23:57] ============================================================
[05:23:57] Worm Training (1 passes), chunk=100000, sample_rate=1, worm_checks=10000
[05:23:57] ============================================================
[05:23:57] --- Pass 1/1 ---
[05:26:01]   18% | Memory: words=16000, facts=2381587, rules=433472, abstractions=199755, meta=1 | thoughts=500
[05:29:38]   36% | Memory: words=16000, facts=3899598, rules=720508, abstractions=368338, meta=1 | thoughts=500
[05:35:46]   54% | Memory: words=16000, facts=5247159, rules=974465, abstractions=528365, meta=2 | thoughts=500
[05:44:25]   72% | Memory: words=16000, facts=6683454, rules=1231550, abstractions=694056, meta=2 | thoughts=500
[05:56:11]   91% | Memory: words=16000, facts=7899615, rules=1462398, abstractions=855514, meta=3 | thoughts=500
[06:45:02] Final worm cycle...
[06:45:02]   [SharedThoughts] 1 thoughts:
[06:45:02]     Ask × 500
[06:45:24]   [Analyst] CHECK: 13.5% agree (4038/29987), 25949 conflicts, 6422 asked, YES neighbors_by_tokens
[06:48:29]   [Skeptic] Inbox: 19527 CONFLICT, 6922 ASK from others
[06:48:29]   [Skeptic] RESOLVE: 10598 strengthened, 8929 asked, 2369 weak found
[06:48:35]   [Explorer] Inbox: 14636 confirmed STRONG
[06:48:35]   [Explorer] MAP: 11224 tokens (2932 strong, 5449 weak), 200 bigram_rules, 50 abstractions, 20 MISSING sent
[06:50:29]   [Teacher] confirmed=273, taught new=0
[06:50:29]   Thought summary: total=52396, STRONG=14636, CONFLICT=19527, ASK=15851, MISSING=0
[06:50:29] Worm Report: scanned=28183456, stored=10987712, strengthened=23805212, weakened=9796, asked=204225, teacher=273c/0t
[06:50:29] Evaluating with WormMind...
[07:05:17]   METRIC: Top-1 = 41.70%
[07:05:17]   METRIC: Top-5 = 60.48%
[07:05:17]   METRIC: avg_reasoning = 48.6932
[07:05:17]   METRIC: avg_confidence = 0.4547
[07:05:17]   METRIC: background_updates = 2342.0000
[07:05:17]   METRIC: no_trigram_match = 0.00%
[07:05:17]   METRIC: avg_uncertain = 8.5460
[07:05:17]   METRIC: avg_contradictions = 1.3092
[07:05:17]   METRIC: need_more_data = 1623.0000
[07:05:17] Memory: words=16000, facts=8486148, rules=1569750, abstractions=931811, meta=3 | bigram_idx=3098040 | token_idx=15581 | time=6080.7s
[07:05:17] ============================================================
[07:05:17] Training Complete (6080.7s) | Memory: words=16000, facts=8486148, rules=1569750, abstractions=931811, meta=3
[07:05:17] ============================================================
[07:05:17] ============================================================
[07:05:17] Final Evaluation (10000 positions) with WormMind
[07:05:17] ============================================================
[07:29:53]   METRIC: Final Top-1 = 40.68%
[07:29:53]   METRIC: Final Top-5 = 59.45%
[07:29:53]   METRIC: Final avg_reasoning = 48.6887
[07:29:53]   METRIC: Final avg_confidence = 0.4544
[07:29:53]   METRIC: Final bg_updates = 4742.0000
[07:29:53] ============================================================
[07:29:53] Self-Diagnostic Report
[07:29:53] ============================================================
[07:29:53]   METRIC: no_trigram_match = 0.00%
[07:29:53]   METRIC: avg_uncertain = 8.5232
[07:29:53]   METRIC: avg_contradictions = 1.3247
[07:29:53]   METRIC: need_more_data = 3301.0000
[07:29:53] ============================================================
[07:29:53] Complete in 7557.3s (126.0 min)
[07:29:53] ============================================================
[07:29:53] Memory: words=16000, facts=8486148, rules=1569750, abstractions=931811, meta=3
[07:30:04] Log saved to: training_attention.log
